<?xml version="1.0" encoding="UTF-8"?>
<!-- Generated by org.testng.reporters.JUnitXMLReporter -->
<testsuite ignored="0" hostname="Poles-MacBook-Pro.local" failures="0" tests="2" name="Surefire test" time="8.896" errors="0" timestamp="2024-11-09T19:17:12 IST">
  <testcase classname="io.cucumber.testng.AbstractTestNGCucumberTests" name="runScenario" time="5.645"/>
  <testcase classname="io.cucumber.testng.AbstractTestNGCucumberTests" name="runScenario" time="2.662"/>
</testsuite> <!-- Surefire test -->
