<?xml version="1.0" encoding="UTF-8"?>
<!-- Generated by org.testng.reporters.JUnitXMLReporter -->
<testsuite ignored="0" hostname="Poles-MacBook-Pro.local" failures="0" tests="2" name="Default test" time="9.66" errors="0" timestamp="2024-11-09T18:00:25 IST">
  <testcase classname="io.cucumber.testng.AbstractTestNGCucumberTests" name="runScenario" time="6.072"/>
  <testcase classname="io.cucumber.testng.AbstractTestNGCucumberTests" name="runScenario" time="2.739"/>
</testsuite> <!-- Default test -->
